Processing by BooksController#index as HTML
  Parameters: {"topic_id"=>"1"}
Completed 500 Internal Server Error in 29ms (Allocations: 7647)


Processing by BooksController#index as HTML
  Parameters: {"topic_id"=>"-1"}
Completed 500 Internal Server Error in 0ms (Allocations: 142)


Processing by BooksController#index as HTML
  Parameters: {"topic_id"=>"1"}
Completed 500 Internal Server Error in 38ms (Allocations: 7645)


Processing by BooksController#index as HTML
  Parameters: {"topic_id"=>"-1"}
Completed 500 Internal Server Error in 0ms (Allocations: 142)


Processing by BooksController#index as HTML
  Parameters: {"topic_id"=>"1"}
Completed 500 Internal Server Error in 34ms (Allocations: 7638)


Processing by BooksController#index as HTML
  Parameters: {"topic_id"=>"-1"}
Completed 500 Internal Server Error in 0ms (Allocations: 137)


Processing by BooksController#index as HTML
  Parameters: {"topic_id"=>"1"}
Completed 500 Internal Server Error in 27774ms (Allocations: 54961)


Processing by BooksController#index as HTML
  Parameters: {"topic_id"=>"1"}
Completed 200 OK in 35ms (Views: 0.3ms | Allocations: 8435)


Processing by BooksController#index as HTML
  Parameters: {"topic_id"=>"-1"}
Completed 500 Internal Server Error in 0ms (Allocations: 143)


Processing by BooksController#index as HTML
  Parameters: {"topic_id"=>"1"}
Completed 200 OK in 35ms (Views: 0.3ms | Allocations: 8435)


Processing by BooksController#index as HTML
  Parameters: {"topic_id"=>"-1"}
Completed 200 OK in 0ms (Views: 0.0ms | Allocations: 70)


Processing by BooksController#index as HTML
  Parameters: {"topic_id"=>"1"}
Completed 200 OK in 34ms (Views: 0.3ms | Allocations: 8435)


Processing by BooksController#index as HTML
  Parameters: {"topic_id"=>"-1"}
Completed 200 OK in 0ms (Views: 0.0ms | Allocations: 70)


Processing by BooksController#index as HTML
  Parameters: {"topic_id"=>"1"}
Completed 200 OK in 34ms (Views: 0.3ms | Allocations: 8435)


Processing by BooksController#index as HTML
  Parameters: {"topic_id"=>"-1"}
Completed 200 OK in 0ms (Views: 0.0ms | Allocations: 70)


Processing by BooksController#index as HTML
  Parameters: {"topic_id"=>"1"}
Completed 200 OK in 38ms (Views: 0.4ms | Allocations: 8435)


Processing by BooksController#index as HTML
  Parameters: {"topic_id"=>"-1"}
Completed 200 OK in 0ms (Views: 0.1ms | Allocations: 70)


Processing by BooksController#index as HTML
  Parameters: {"topic_id"=>"1"}
Completed 200 OK in 39ms (Views: 0.3ms | Allocations: 8435)


Processing by BooksController#index as HTML
  Parameters: {"topic_id"=>"-1"}
Completed 404 Not Found in 0ms (Views: 0.1ms | Allocations: 70)


Processing by BooksController#index as HTML
  Parameters: {"topic_id"=>"1"}
Completed 200 OK in 35ms (Views: 0.4ms | Allocations: 8435)


Processing by BooksController#index as HTML
  Parameters: {"topic_id"=>"-1"}
Completed 404 Not Found in 0ms (Views: 0.1ms | Allocations: 70)


Processing by TopicsController#index as HTML
Completed 200 OK in 0ms (Views: 0.1ms | Allocations: 163)


Processing by TopicsController#show as HTML
  Parameters: {"id"=>"1"}
Completed 200 OK in 0ms (Views: 0.1ms | Allocations: 103)


Processing by TopicsController#show as HTML
  Parameters: {"id"=>"-1"}
Completed 404 Not Found in 0ms (Views: 0.0ms | Allocations: 59)


Processing by BooksController#index as HTML
  Parameters: {"topic_id"=>"1"}
Completed 200 OK in 40ms (Views: 0.4ms | Allocations: 8435)


Processing by BooksController#index as HTML
  Parameters: {"topic_id"=>"-1"}
Completed 404 Not Found in 0ms (Views: 0.1ms | Allocations: 70)


Processing by TopicsController#index as HTML
Completed 200 OK in 0ms (Views: 0.1ms | Allocations: 163)


Processing by TopicsController#show as HTML
  Parameters: {"id"=>"1"}
Completed 200 OK in 0ms (Views: 0.1ms | Allocations: 103)


Processing by TopicsController#show as HTML
  Parameters: {"id"=>"-1"}
Completed 404 Not Found in 0ms (Views: 0.1ms | Allocations: 59)


Processing by BooksController#index as HTML
  Parameters: {"topic_id"=>"1"}
Completed 200 OK in 35ms (Views: 0.3ms | Allocations: 8435)


Processing by BooksController#index as HTML
  Parameters: {"topic_id"=>"-1"}
Completed 404 Not Found in 0ms (Views: 0.0ms | Allocations: 70)


Processing by TopicsController#index as HTML
Completed 200 OK in 0ms (Views: 0.1ms | Allocations: 163)


Processing by TopicsController#show as HTML
  Parameters: {"id"=>"1"}
Completed 200 OK in 0ms (Views: 0.1ms | Allocations: 103)


Processing by TopicsController#show as HTML
  Parameters: {"id"=>"-1"}
Completed 404 Not Found in 0ms (Views: 0.0ms | Allocations: 59)


Processing by BooksController#index as HTML
  Parameters: {"topic_id"=>"1"}
Completed 200 OK in 42ms (Views: 0.4ms | Allocations: 8434)


Processing by BooksController#index as HTML
  Parameters: {"topic_id"=>"-1"}
Completed 404 Not Found in 0ms (Views: 0.1ms | Allocations: 70)


Processing by TopicsController#index as HTML
Completed 200 OK in 0ms (Views: 0.1ms | Allocations: 163)


Processing by TopicsController#show as HTML
  Parameters: {"id"=>"1"}
Completed 200 OK in 0ms (Views: 0.1ms | Allocations: 103)


Processing by TopicsController#show as HTML
  Parameters: {"id"=>"-1"}
Completed 404 Not Found in 0ms (Views: 0.1ms | Allocations: 59)


